CRITICAL - 2023-06-20 04:28:54 --> Invalid file: "anita_32602100030.php"
in SYSTEMPATH\Exceptions\FrameworkException.php on line 33.
 1 SYSTEMPATH\View\View.php(201): CodeIgniter\Exceptions\FrameworkException::forInvalidFile('anita_32602100030.php')
 2 SYSTEMPATH\Common.php(1184): CodeIgniter\View\View->render('anita_32602100030', [], true)
 3 APPPATH\Controllers\Pemanggil_Anita.php(9): view('anita_32602100030')
 4 SYSTEMPATH\CodeIgniter.php(934): App\Controllers\Pemanggil_Anita->index()
 5 SYSTEMPATH\CodeIgniter.php(499): CodeIgniter\CodeIgniter->runController(Object(App\Controllers\Pemanggil_Anita))
 6 SYSTEMPATH\CodeIgniter.php(368): CodeIgniter\CodeIgniter->handleRequest(null, Object(Config\Cache), false)
 7 FCPATH\index.php(67): CodeIgniter\CodeIgniter->run()
 8 SYSTEMPATH\Commands\Server\rewrite.php(47): require_once('C:\\xampp\\htdocs\\prakwebprog\\public\\index.php')
CRITICAL - 2023-06-20 04:30:07 --> Invalid file: "layout/32602100030_anita.php"
in SYSTEMPATH\Exceptions\FrameworkException.php on line 33.
 1 SYSTEMPATH\View\View.php(201): CodeIgniter\Exceptions\FrameworkException::forInvalidFile('layout/32602100030_anita.php')
 2 SYSTEMPATH\View\View.php(229): CodeIgniter\View\View->render('layout/32602100030_anita', [], true)
 3 SYSTEMPATH\Common.php(1184): CodeIgniter\View\View->render('anita_32602100030', [], true)
 4 APPPATH\Controllers\Pemanggil_Anita.php(9): view('anita_32602100030')
 5 SYSTEMPATH\CodeIgniter.php(934): App\Controllers\Pemanggil_Anita->index()
 6 SYSTEMPATH\CodeIgniter.php(499): CodeIgniter\CodeIgniter->runController(Object(App\Controllers\Pemanggil_Anita))
 7 SYSTEMPATH\CodeIgniter.php(368): CodeIgniter\CodeIgniter->handleRequest(null, Object(Config\Cache), false)
 8 FCPATH\index.php(67): CodeIgniter\CodeIgniter->run()
 9 SYSTEMPATH\Commands\Server\rewrite.php(47): require_once('C:\\xampp\\htdocs\\prakwebprog\\public\\index.php')
CRITICAL - 2023-06-20 04:30:09 --> Invalid file: "layout/32602100030_anita.php"
in SYSTEMPATH\Exceptions\FrameworkException.php on line 33.
 1 SYSTEMPATH\View\View.php(201): CodeIgniter\Exceptions\FrameworkException::forInvalidFile('layout/32602100030_anita.php')
 2 SYSTEMPATH\View\View.php(229): CodeIgniter\View\View->render('layout/32602100030_anita', [], true)
 3 SYSTEMPATH\Common.php(1184): CodeIgniter\View\View->render('anita_32602100030', [], true)
 4 APPPATH\Controllers\Pemanggil_Anita.php(9): view('anita_32602100030')
 5 SYSTEMPATH\CodeIgniter.php(934): App\Controllers\Pemanggil_Anita->index()
 6 SYSTEMPATH\CodeIgniter.php(499): CodeIgniter\CodeIgniter->runController(Object(App\Controllers\Pemanggil_Anita))
 7 SYSTEMPATH\CodeIgniter.php(368): CodeIgniter\CodeIgniter->handleRequest(null, Object(Config\Cache), false)
 8 FCPATH\index.php(67): CodeIgniter\CodeIgniter->run()
 9 SYSTEMPATH\Commands\Server\rewrite.php(47): require_once('C:\\xampp\\htdocs\\prakwebprog\\public\\index.php')
CRITICAL - 2023-06-20 04:31:57 --> Invalid file: "layout/32602100030_anita.php"
in SYSTEMPATH\Exceptions\FrameworkException.php on line 33.
 1 SYSTEMPATH\View\View.php(201): CodeIgniter\Exceptions\FrameworkException::forInvalidFile('layout/32602100030_anita.php')
 2 SYSTEMPATH\View\View.php(229): CodeIgniter\View\View->render('layout/32602100030_anita', [], true)
 3 SYSTEMPATH\Common.php(1184): CodeIgniter\View\View->render('anita_32602100030', [], true)
 4 APPPATH\Controllers\Pemanggil_Anita.php(9): view('anita_32602100030')
 5 SYSTEMPATH\CodeIgniter.php(934): App\Controllers\Pemanggil_Anita->index()
 6 SYSTEMPATH\CodeIgniter.php(499): CodeIgniter\CodeIgniter->runController(Object(App\Controllers\Pemanggil_Anita))
 7 SYSTEMPATH\CodeIgniter.php(368): CodeIgniter\CodeIgniter->handleRequest(null, Object(Config\Cache), false)
 8 FCPATH\index.php(67): CodeIgniter\CodeIgniter->run()
 9 SYSTEMPATH\Commands\Server\rewrite.php(47): require_once('C:\\xampp\\htdocs\\prakwebprog\\public\\index.php')
CRITICAL - 2023-06-20 04:31:59 --> Invalid file: "layout/32602100030_anita.php"
in SYSTEMPATH\Exceptions\FrameworkException.php on line 33.
 1 SYSTEMPATH\View\View.php(201): CodeIgniter\Exceptions\FrameworkException::forInvalidFile('layout/32602100030_anita.php')
 2 SYSTEMPATH\View\View.php(229): CodeIgniter\View\View->render('layout/32602100030_anita', [], true)
 3 SYSTEMPATH\Common.php(1184): CodeIgniter\View\View->render('anita_32602100030', [], true)
 4 APPPATH\Controllers\Pemanggil_Anita.php(9): view('anita_32602100030')
 5 SYSTEMPATH\CodeIgniter.php(934): App\Controllers\Pemanggil_Anita->index()
 6 SYSTEMPATH\CodeIgniter.php(499): CodeIgniter\CodeIgniter->runController(Object(App\Controllers\Pemanggil_Anita))
 7 SYSTEMPATH\CodeIgniter.php(368): CodeIgniter\CodeIgniter->handleRequest(null, Object(Config\Cache), false)
 8 FCPATH\index.php(67): CodeIgniter\CodeIgniter->run()
 9 SYSTEMPATH\Commands\Server\rewrite.php(47): require_once('C:\\xampp\\htdocs\\prakwebprog\\public\\index.php')
CRITICAL - 2023-06-20 04:31:59 --> Invalid file: "layout/32602100030_anita.php"
in SYSTEMPATH\Exceptions\FrameworkException.php on line 33.
 1 SYSTEMPATH\View\View.php(201): CodeIgniter\Exceptions\FrameworkException::forInvalidFile('layout/32602100030_anita.php')
 2 SYSTEMPATH\View\View.php(229): CodeIgniter\View\View->render('layout/32602100030_anita', [], true)
 3 SYSTEMPATH\Common.php(1184): CodeIgniter\View\View->render('anita_32602100030', [], true)
 4 APPPATH\Controllers\Pemanggil_Anita.php(9): view('anita_32602100030')
 5 SYSTEMPATH\CodeIgniter.php(934): App\Controllers\Pemanggil_Anita->index()
 6 SYSTEMPATH\CodeIgniter.php(499): CodeIgniter\CodeIgniter->runController(Object(App\Controllers\Pemanggil_Anita))
 7 SYSTEMPATH\CodeIgniter.php(368): CodeIgniter\CodeIgniter->handleRequest(null, Object(Config\Cache), false)
 8 FCPATH\index.php(67): CodeIgniter\CodeIgniter->run()
 9 SYSTEMPATH\Commands\Server\rewrite.php(47): require_once('C:\\xampp\\htdocs\\prakwebprog\\public\\index.php')
CRITICAL - 2023-06-20 04:32:01 --> Invalid file: "layout/32602100030_anita.php"
in SYSTEMPATH\Exceptions\FrameworkException.php on line 33.
 1 SYSTEMPATH\View\View.php(201): CodeIgniter\Exceptions\FrameworkException::forInvalidFile('layout/32602100030_anita.php')
 2 SYSTEMPATH\View\View.php(229): CodeIgniter\View\View->render('layout/32602100030_anita', [], true)
 3 SYSTEMPATH\Common.php(1184): CodeIgniter\View\View->render('anita_32602100030', [], true)
 4 APPPATH\Controllers\Pemanggil_Anita.php(9): view('anita_32602100030')
 5 SYSTEMPATH\CodeIgniter.php(934): App\Controllers\Pemanggil_Anita->index()
 6 SYSTEMPATH\CodeIgniter.php(499): CodeIgniter\CodeIgniter->runController(Object(App\Controllers\Pemanggil_Anita))
 7 SYSTEMPATH\CodeIgniter.php(368): CodeIgniter\CodeIgniter->handleRequest(null, Object(Config\Cache), false)
 8 FCPATH\index.php(67): CodeIgniter\CodeIgniter->run()
 9 SYSTEMPATH\Commands\Server\rewrite.php(47): require_once('C:\\xampp\\htdocs\\prakwebprog\\public\\index.php')
CRITICAL - 2023-06-20 04:33:52 --> Invalid file: "layout/32602100030_anita.php"
in SYSTEMPATH\Exceptions\FrameworkException.php on line 33.
 1 SYSTEMPATH\View\View.php(201): CodeIgniter\Exceptions\FrameworkException::forInvalidFile('layout/32602100030_anita.php')
 2 SYSTEMPATH\View\View.php(229): CodeIgniter\View\View->render('layout/32602100030_anita', [], true)
 3 SYSTEMPATH\Common.php(1184): CodeIgniter\View\View->render('anita_32602100030', [], true)
 4 APPPATH\Controllers\Pemanggil_Anita.php(9): view('anita_32602100030')
 5 SYSTEMPATH\CodeIgniter.php(934): App\Controllers\Pemanggil_Anita->index()
 6 SYSTEMPATH\CodeIgniter.php(499): CodeIgniter\CodeIgniter->runController(Object(App\Controllers\Pemanggil_Anita))
 7 SYSTEMPATH\CodeIgniter.php(368): CodeIgniter\CodeIgniter->handleRequest(null, Object(Config\Cache), false)
 8 FCPATH\index.php(67): CodeIgniter\CodeIgniter->run()
 9 SYSTEMPATH\Commands\Server\rewrite.php(47): require_once('C:\\xampp\\htdocs\\prakwebprog\\public\\index.php')
CRITICAL - 2023-06-20 04:39:21 --> Invalid file: "layout/anita_32602100030.php"
in SYSTEMPATH\Exceptions\FrameworkException.php on line 33.
 1 SYSTEMPATH\View\View.php(201): CodeIgniter\Exceptions\FrameworkException::forInvalidFile('layout/anita_32602100030.php')
 2 SYSTEMPATH\View\View.php(229): CodeIgniter\View\View->render('layout/anita_32602100030', [], true)
 3 SYSTEMPATH\Common.php(1184): CodeIgniter\View\View->render('32602100030_anita', [], true)
 4 APPPATH\Controllers\Pemanggil_Anita.php(9): view('32602100030_anita')
 5 SYSTEMPATH\CodeIgniter.php(934): App\Controllers\Pemanggil_Anita->index()
 6 SYSTEMPATH\CodeIgniter.php(499): CodeIgniter\CodeIgniter->runController(Object(App\Controllers\Pemanggil_Anita))
 7 SYSTEMPATH\CodeIgniter.php(368): CodeIgniter\CodeIgniter->handleRequest(null, Object(Config\Cache), false)
 8 FCPATH\index.php(67): CodeIgniter\CodeIgniter->run()
 9 SYSTEMPATH\Commands\Server\rewrite.php(47): require_once('C:\\xampp\\htdocs\\prakwebprog\\public\\index.php')
CRITICAL - 2023-06-20 04:39:22 --> Invalid file: "layout/anita_32602100030.php"
in SYSTEMPATH\Exceptions\FrameworkException.php on line 33.
 1 SYSTEMPATH\View\View.php(201): CodeIgniter\Exceptions\FrameworkException::forInvalidFile('layout/anita_32602100030.php')
 2 SYSTEMPATH\View\View.php(229): CodeIgniter\View\View->render('layout/anita_32602100030', [], true)
 3 SYSTEMPATH\Common.php(1184): CodeIgniter\View\View->render('32602100030_anita', [], true)
 4 APPPATH\Controllers\Pemanggil_Anita.php(9): view('32602100030_anita')
 5 SYSTEMPATH\CodeIgniter.php(934): App\Controllers\Pemanggil_Anita->index()
 6 SYSTEMPATH\CodeIgniter.php(499): CodeIgniter\CodeIgniter->runController(Object(App\Controllers\Pemanggil_Anita))
 7 SYSTEMPATH\CodeIgniter.php(368): CodeIgniter\CodeIgniter->handleRequest(null, Object(Config\Cache), false)
 8 FCPATH\index.php(67): CodeIgniter\CodeIgniter->run()
 9 SYSTEMPATH\Commands\Server\rewrite.php(47): require_once('C:\\xampp\\htdocs\\prakwebprog\\public\\index.php')
CRITICAL - 2023-06-20 08:02:30 --> Invalid file: "32602100030_anita.php"
in SYSTEMPATH\Exceptions\FrameworkException.php on line 33.
 1 SYSTEMPATH\View\View.php(201): CodeIgniter\Exceptions\FrameworkException::forInvalidFile('32602100030_anita.php')
 2 SYSTEMPATH\Common.php(1184): CodeIgniter\View\View->render('32602100030_anita', [], true)
 3 APPPATH\Controllers\Pemanggil_Anita.php(9): view('32602100030_anita')
 4 SYSTEMPATH\CodeIgniter.php(934): App\Controllers\Pemanggil_Anita->index()
 5 SYSTEMPATH\CodeIgniter.php(499): CodeIgniter\CodeIgniter->runController(Object(App\Controllers\Pemanggil_Anita))
 6 SYSTEMPATH\CodeIgniter.php(368): CodeIgniter\CodeIgniter->handleRequest(null, Object(Config\Cache), false)
 7 FCPATH\index.php(67): CodeIgniter\CodeIgniter->run()
 8 SYSTEMPATH\Commands\Server\rewrite.php(47): require_once('C:\\xampp\\htdocs\\prakwebprog\\public\\index.php')
CRITICAL - 2023-06-20 08:04:14 --> Invalid file: "32602100030_anita.php"
in SYSTEMPATH\Exceptions\FrameworkException.php on line 33.
 1 SYSTEMPATH\View\View.php(201): CodeIgniter\Exceptions\FrameworkException::forInvalidFile('32602100030_anita.php')
 2 SYSTEMPATH\Common.php(1184): CodeIgniter\View\View->render('32602100030_anita', [], true)
 3 APPPATH\Controllers\Pemanggil_Anita.php(9): view('32602100030_anita')
 4 SYSTEMPATH\CodeIgniter.php(934): App\Controllers\Pemanggil_Anita->index()
 5 SYSTEMPATH\CodeIgniter.php(499): CodeIgniter\CodeIgniter->runController(Object(App\Controllers\Pemanggil_Anita))
 6 SYSTEMPATH\CodeIgniter.php(368): CodeIgniter\CodeIgniter->handleRequest(null, Object(Config\Cache), false)
 7 FCPATH\index.php(67): CodeIgniter\CodeIgniter->run()
 8 SYSTEMPATH\Commands\Server\rewrite.php(47): require_once('C:\\xampp\\htdocs\\prakwebprog\\public\\index.php')
CRITICAL - 2023-06-20 08:12:01 --> Call to undefined method CodeIgniter\View\View::extends()
in APPPATH\Views\coba.php on line 1.
 1 SYSTEMPATH\View\View.php(213): include()
 2 SYSTEMPATH\View\View.php(216): CodeIgniter\View\View->CodeIgniter\View\{closure}()
 3 SYSTEMPATH\Common.php(1184): CodeIgniter\View\View->render('coba', [], true)
 4 APPPATH\Controllers\Pemanggil_Anita.php(9): view('coba')
 5 SYSTEMPATH\CodeIgniter.php(934): App\Controllers\Pemanggil_Anita->index()
 6 SYSTEMPATH\CodeIgniter.php(499): CodeIgniter\CodeIgniter->runController(Object(App\Controllers\Pemanggil_Anita))
 7 SYSTEMPATH\CodeIgniter.php(368): CodeIgniter\CodeIgniter->handleRequest(null, Object(Config\Cache), false)
 8 FCPATH\index.php(67): CodeIgniter\CodeIgniter->run()
 9 SYSTEMPATH\Commands\Server\rewrite.php(47): require_once('C:\\xampp\\htdocs\\prakwebprog\\public\\index.php')
